============================= test session starts ==============================
platform linux -- Python 3.11.5, pytest-7.4.0, pluggy-1.2.0
rootdir: /home/user/project
configfile: pyproject.toml
plugins: asyncio-0.21.1, cov-4.1.0
collected 25 items

tests/test_utils.py::test_add PASSED                                     [  4%]
tests/test_utils.py::test_subtract PASSED                                [  8%]
tests/test_utils.py::test_multiply PASSED                                [ 12%]
tests/test_utils.py::test_divide PASSED                                  [ 16%]
tests/test_utils.py::test_divide_by_zero PASSED                          [ 20%]
tests/test_main.py::test_main_function PASSED                            [ 24%]
tests/test_main.py::test_cli_arguments PASSED                            [ 28%]
tests/test_main.py::test_config_loading PASSED                           [ 32%]
tests/test_api.py::test_api_health PASSED                                [ 36%]
tests/test_api.py::test_api_submit PASSED                                [ 40%]
tests/test_api.py::test_api_validation PASSED                            [ 44%]
tests/test_api.py::test_api_authentication PASSED                        [ 48%]
tests/test_models.py::test_user_model PASSED                             [ 52%]
tests/test_models.py::test_task_model PASSED                             [ 56%]
tests/test_models.py::test_trace_model PASSED                            [ 60%]
tests/test_integration.py::test_full_workflow PASSED                     [ 64%]
tests/test_integration.py::test_error_handling PASSED                    [ 68%]
tests/test_integration.py::test_retry_logic PASSED                       [ 72%]
tests/test_hooks.py::test_hook_installation PASSED                       [ 76%]
tests/test_hooks.py::test_hook_execution PASSED                          [ 80%]
tests/test_collectors.py::test_git_collector PASSED                      [ 84%]
tests/test_collectors.py::test_diff_parser PASSED                        [ 88%]
tests/test_collectors.py::test_language_detection PASSED                 [ 92%]
tests/test_collectors.py::test_context_loading PASSED                    [ 96%]
tests/test_collectors.py::test_verification PASSED                       [100%]

========================= 25 passed in 2.34s ==================================
